{"/Users/j4g3/my-follies/blockchain/src/routes.ts": {"path":"/Users/j4g3/my-follies/blockchain/src/routes.ts","statementMap":{"0":{"start":{"line":3,"column":12},"end":{"line":3,"column":21}},"1":{"start":{"line":5,"column":0},"end":{"line":7,"column":3}},"2":{"start":{"line":6,"column":2},"end":{"line":6,"column":54}}},"fnMap":{"0":{"name":"(anonymous_0)","decl":{"start":{"line":5,"column":13},"end":{"line":5,"column":14}},"loc":{"start":{"line":5,"column":55},"end":{"line":7,"column":1}},"line":5}},"branchMap":{},"s":{"0":1,"1":1,"2":0},"f":{"0":0},"b":{},"_coverageSchema":"1a1c01bbd47fc00a2c39e90264f33305004495a9","hash":"9f166e23e4a0951f82e0039a48c6f4b6b4c00416"}
,"/Users/j4g3/my-follies/blockchain/src/core/block.ts": {"path":"/Users/j4g3/my-follies/blockchain/src/core/block.ts","statementMap":{"0":{"start":{"line":1,"column":22},"end":{"line":7,"column":4}},"1":{"start":{"line":2,"column":2},"end":{"line":7,"column":4}}},"fnMap":{"0":{"name":"(anonymous_0)","decl":{"start":{"line":1,"column":22},"end":{"line":1,"column":23}},"loc":{"start":{"line":2,"column":2},"end":{"line":7,"column":4}},"line":2}},"branchMap":{},"s":{"0":1,"1":1},"f":{"0":1},"b":{},"_coverageSchema":"1a1c01bbd47fc00a2c39e90264f33305004495a9","hash":"eb7f31b46119d3af302ef6d9e94f9838214f1604"}
}
